     1                                  bits 32
     2                                  global start
     3                                  extern exit, printf, scanf
     4                                  import exit msvcrt.dll 
     5                                  import printf msvcrt.dll 
     6                                  import scanf msvcrt.dll 
     7                                  
     8                                  segment data use32 class=data
     9 00000000 5072696E743A202564-     	_format db "Print: %d", 10, 0
     9 00000009 0A00               
    10 0000000B 256400                  	_sformat db "%d", 0
    11 0000000E 00000000                	perimet dd 0
    12 00000012 00000000                	ok dd 0
    13                                  
    14                                  
    15                                  segment code use32 class=code
    16                                  start:
    17 00000000 68[12000000]            	push dword ok
    18 00000005 68[0B000000]            	push dword _sformat
    19 0000000A FF15[00000000]          	call [scanf]
    20 00000010 83C408                  	add esp, 4 * 2
    21 00000013 B800000000              	mov eax, 0
    22 00000018 0305[12000000]          	add eax, [ok]
    23 0000001E 83C00A                  	add eax, 10
    24 00000021 A3[12000000]            	mov dword [ok], eax
    25 00000026 B800000000              	mov eax, 0
    26 0000002B 0305[12000000]          	add eax, [ok]
    27 00000031 A3[0E000000]            	mov dword [perimet], eax
    28                                  
    29 00000036 FF35[0E000000]          	push dword [perimet]
    30 0000003C 68[00000000]            	push dword _format
    31 00000041 FF15[00000000]          	call [printf]
    32 00000047 83C408                  	add esp, 4 * 2
    33                                  
    34 0000004A 6A00                    	push dword 0
    35 0000004C FF15[00000000]          	call [exit]
    36                                  
    37                                  
